<?xml version="1.0" encoding="UTF-8"?>
<!-- Generated by org.testng.reporters.JUnitReportReporter -->
<testsuite hostname="Pritam" failures="0" tests="1" name="MX2XL.sbNet" time="29.382" errors="0" timestamp="2022-08-30T15:40:37 IST" skipped="0">
  <testcase classname="MX2XL.sbNet" name="firstUrl" time="29.382"/>
  <system-out/>
</testsuite> <!-- MX2XL.sbNet -->
