<?xml version="1.0" encoding="UTF-8"?>
<!-- Generated by org.testng.reporters.JUnitReportReporter -->
<testsuite hostname="Pritam" failures="0" tests="1" name="MX2XL.mainTest" time="4.403" errors="0" timestamp="2022-08-30T15:35:09 IST" skipped="0">
  <testcase classname="MX2XL.mainTest" name="firstUrl" time="4.403"/>
  <system-out/>
</testsuite> <!-- MX2XL.mainTest -->
